<?xml version="1.0" encoding="UTF-8"?>
<testng-results ignored="0" total="1" passed="1" failed="0" skipped="0">
  <reporter-output>
  </reporter-output>
  <suite started-at="2021-02-02T19:33:14 IST" name="Default suite" finished-at="2021-02-02T19:35:03 IST" duration-ms="109708">
    <groups>
    </groups>
    <test started-at="2021-02-02T19:33:14 IST" name="Default test" finished-at="2021-02-02T19:35:03 IST" duration-ms="109708">
      <class name="asg.test">
        <test-method is-config="true" signature="initialize()[pri:0, instance:asg.test@70e8f8e]" started-at="2021-02-02T19:33:14 IST" name="initialize" finished-at="2021-02-02T19:33:25 IST" duration-ms="11741" status="PASS">
          <reporter-output>
          </reporter-output>
        </test-method> <!-- initialize -->
        <test-method signature="userregistration()[pri:0, instance:asg.test@70e8f8e]" started-at="2021-02-02T19:33:25 IST" name="userregistration" finished-at="2021-02-02T19:35:03 IST" duration-ms="97947" status="PASS">
          <reporter-output>
          </reporter-output>
        </test-method> <!-- userregistration -->
      </class> <!-- asg.test -->
    </test> <!-- Default test -->
  </suite> <!-- Default suite -->
</testng-results>
